<!DOCTYPE html PUBLIC "-//W3C//DTD XHTML 1.1//EN" "http://www.w3.org/TR/xhtml11/DTD/xhtml11.dtd">
<html xmlns="http://www.w3.org/1999/xhtml"><head><title>TestNG Report</title><style type="text/css">table {margin-bottom:10px;border-collapse:collapse;empty-cells:show}th,td {border:1px solid #009;padding:.25em .5em}th {vertical-align:bottom}td {vertical-align:top}table a {font-weight:bold}.stripe td {background-color: #E6EBF9}.num {text-align:right}.passedodd td {background-color: #3F3}.passedeven td {background-color: #0A0}.skippedodd td {background-color: #DDD}.skippedeven td {background-color: #CCC}.failedodd td,.attn {background-color: #F33}.failedeven td,.stripe .attn {background-color: #D00}.stacktrace {white-space:pre;font-family:monospace}.totop {font-size:85%;text-align:center;border-bottom:2px solid #000}</style></head><body><table><tr><th>Test</th><th># Passed</th><th># Skipped</th><th># Failed</th><th>Time (ms)</th><th>Included Groups</th><th>Excluded Groups</th></tr><tr><th colspan="7">ProfProject</th></tr><tr><td><a href="#t0">Heroku App Test</a></td><td class="num">0</td><td class="num attn">1</td><td class="num">0</td><td class="num">2,763</td><td></td><td></td></tr></table><table id='summary'><thead><tr><th>Class</th><th>Method</th><th>Start</th><th>Time (ms)</th></tr></thead><tbody><tr><th colspan="4">ProfProject</th></tr></tbody><tbody id="t0"><tr><th colspan="4">Heroku App Test &#8212; failed (configuration methods)</th></tr><tr class="failedeven"><td rowspan="1">com.profproject.testcases.TC_LoginDDT_003</td><td><a href="#m0">setup</a></td><td rowspan="1">1683196638331</td><td rowspan="1">2494</td></tr><tr><th colspan="4">Heroku App Test &#8212; skipped (configuration methods)</th></tr><tr class="skippedeven"><td rowspan="1">com.profproject.testcases.TC_LoginDDT_003</td><td><a href="#m1">tearDown</a></td><td rowspan="1">1683196640875</td><td rowspan="1">0</td></tr><tr><th colspan="4">Heroku App Test &#8212; skipped</th></tr><tr class="skippedeven"><td rowspan="1">com.profproject.testcases.TC_LoginDDT_003</td><td><a href="#m2">verifyuserLoggedIn</a></td><td rowspan="1">1683196640860</td><td rowspan="1">0</td></tr></tbody></table><h2>Heroku App Test</h2><h3 id="m0">com.profproject.testcases.TC_LoginDDT_003#setup</h3><table class="result"><tr class="param"><th>Parameter #1</th></tr><tr class="param stripe"><td>chrome</td></tr><tr><th>Exception</th></tr><tr><td><div class="stacktrace">org.openqa.selenium.SessionNotCreatedException: session not created: This version of ChromeDriver only supports Chrome version 103
Current browser version is 113.0.5672.63 with binary path C:\Program Files\Google\Chrome\Application\chrome.exe
  (Driver info: chromedriver=103.0.5060.53 (a1711811edd74ff1cf2150f36ffa3b0dae40b17f-refs/branch-heads/5060@{#853}),platform=Windows NT 10.0.19045 x86_64) (WARNING: The server did not provide any stacktrace information)
Command duration or timeout: 2.03 seconds
Build info: version: &apos;2.53.1&apos;, revision: &apos;a36b8b1cd5757287168e54b817830adce9b0158d&apos;, time: &apos;2016-06-30 19:26:09&apos;
System info: host: &apos;LAPTOP-077COGF2&apos;, ip: &apos;169.254.62.180&apos;, os.name: &apos;Windows 10&apos;, os.arch: &apos;amd64&apos;, os.version: &apos;10.0&apos;, java.version: &apos;16.0.1&apos;
Driver info: org.openqa.selenium.chrome.ChromeDriver
	at org.openqa.selenium.remote.ErrorHandler.createThrowable(ErrorHandler.java:206)
	at org.openqa.selenium.remote.ErrorHandler.throwIfResponseFailed(ErrorHandler.java:158)
	at org.openqa.selenium.remote.RemoteWebDriver.execute(RemoteWebDriver.java:678)
	at org.openqa.selenium.remote.RemoteWebDriver.startSession(RemoteWebDriver.java:249)
	at org.openqa.selenium.remote.RemoteWebDriver.&lt;init&gt;(RemoteWebDriver.java:131)
	at org.openqa.selenium.remote.RemoteWebDriver.&lt;init&gt;(RemoteWebDriver.java:144)
	at org.openqa.selenium.chrome.ChromeDriver.&lt;init&gt;(ChromeDriver.java:170)
	at org.openqa.selenium.chrome.ChromeDriver.&lt;init&gt;(ChromeDriver.java:159)
	at org.openqa.selenium.chrome.ChromeDriver.&lt;init&gt;(ChromeDriver.java:116)
	at com.profproject.base.BaseClass.setup(BaseClass.java:58)
... Removed 30 stack frames</div></td></tr></table><p class="totop"><a href="#summary">back to summary</a></p><h3 id="m1">com.profproject.testcases.TC_LoginDDT_003#tearDown</h3><table class="result"></table><p class="totop"><a href="#summary">back to summary</a></p><h3 id="m2">com.profproject.testcases.TC_LoginDDT_003#verifyuserLoggedIn</h3><table class="result"><tr><th>Exception</th></tr><tr><td><div class="stacktrace">java.lang.RuntimeException: java.lang.NegativeArraySizeException: -1
Caused by: java.lang.NegativeArraySizeException: -1
	at com.profproject.utilities.DataProviderClass.getData(DataProviderClass.java:19)
	... 22 more
... Removed 30 stack frames</div></td></tr></table><p class="totop"><a href="#summary">back to summary</a></p></body></html>